Build started 6/29/2014 2:13:57 PM.
     1>Project "C:\Users\DELL\documents\visual studio 2012\Projects\MVC_CODEC v.1.0\MVC_CODEC v.1.0\MVC_CODEC v.1.0.vcxproj" on node 2 (Build target(s)).
     1>ClCompile:
         G:\Program Files (x86)\Microsoft Visual Studio 11.0\VC\bin\CL.exe /c /ZI /nologo /W3 /WX- /sdl /Od /Oy- /D WIN32 /D _DEBUG /D _CONSOLE /D _UNICODE /D UNICODE /Gm /EHsc /RTC1 /MDd /GS /fp:precise /Zc:wchar_t /Zc:forScope /Yu"stdafx.h" /Fp"Debug\MVC_CODEC v.1.0.pch" /Fo"Debug\\" /Fd"Debug\vc110.pdb" /Gd /TP /analyze- /errorReport:prompt "MVC_CODEC v.1.0.cpp"
         MVC_CODEC v.1.0.cpp
     1>c:\users\dell\documents\visual studio 2012\projects\mvc_codec v.1.0\mvc_codec v.1.0\frame_prediction.h(23): warning C4081: expected 'newline'; found ';'
     1>c:\users\dell\documents\visual studio 2012\projects\mvc_codec v.1.0\mvc_codec v.1.0\frame_prediction.h(241): warning C4081: expected 'newline'; found ';'
     1>c:\users\dell\documents\visual studio 2012\projects\mvc_codec v.1.0\mvc_codec v.1.0\frame_prediction.h(245): warning C4101: 'fr1' : unreferenced local variable
     1>c:\users\dell\documents\visual studio 2012\projects\mvc_codec v.1.0\mvc_codec v.1.0\frame_prediction.h(242): warning C4101: 'nameOfVideo' : unreferenced local variable
     1>c:\users\dell\documents\visual studio 2012\projects\mvc_codec v.1.0\mvc_codec v.1.0\dct_idct.h(24): warning C4081: expected 'newline'; found ';'
     1>c:\users\dell\documents\visual studio 2012\projects\mvc_codec v.1.0\mvc_codec v.1.0\dct_idct.h(15): warning C4101: 'fw' : unreferenced local variable
     1>c:\users\dell\documents\visual studio 2012\projects\mvc_codec v.1.0\mvc_codec v.1.0\dct_idct.h(118): warning C4081: expected 'newline'; found ';'
     1>c:\users\dell\documents\visual studio 2012\projects\mvc_codec v.1.0\mvc_codec v.1.0\dct_idct.h(109): warning C4101: 'fw' : unreferenced local variable
     1>c:\users\dell\documents\visual studio 2012\projects\mvc_codec v.1.0\mvc_codec v.1.0\dct_idct.h(213): warning C4244: '=' : conversion from 'double' to 'float', possible loss of data
     1>c:\users\dell\documents\visual studio 2012\projects\mvc_codec v.1.0\mvc_codec v.1.0\dct_idct.h(236): warning C4244: '+=' : conversion from 'double' to 'float', possible loss of data
     1>c:\users\dell\documents\visual studio 2012\projects\mvc_codec v.1.0\mvc_codec v.1.0\dct_idct.h(259): warning C4244: 'argument' : conversion from 'double' to 'float', possible loss of data
     1>c:\users\dell\documents\visual studio 2012\projects\mvc_codec v.1.0\mvc_codec v.1.0\dct_idct.h(278): warning C4244: '=' : conversion from 'double' to 'float', possible loss of data
     1>c:\users\dell\documents\visual studio 2012\projects\mvc_codec v.1.0\mvc_codec v.1.0\dct_idct.h(313): warning C4244: '+=' : conversion from 'double' to 'float', possible loss of data
     1>c:\users\dell\documents\visual studio 2012\projects\mvc_codec v.1.0\mvc_codec v.1.0\dct_idct.h(332): warning C4101: 'dct' : unreferenced local variable
     1>c:\users\dell\documents\visual studio 2012\projects\mvc_codec v.1.0\mvc_codec v.1.0\dct_idct.h(365): warning C4244: 'return' : conversion from 'float' to 'int', possible loss of data
     1>c:\users\dell\documents\visual studio 2012\projects\mvc_codec v.1.0\mvc_codec v.1.0\dct_idct.h(367): warning C4244: 'return' : conversion from 'float' to 'int', possible loss of data
     1>c:\users\dell\documents\visual studio 2012\projects\mvc_codec v.1.0\mvc_codec v.1.0\mvc_codec v.1.0.cpp(497): warning C4081: expected 'newline'; found ';'
     1>c:\users\dell\documents\visual studio 2012\projects\mvc_codec v.1.0\mvc_codec v.1.0\mvc_codec v.1.0.cpp(575): warning C4244: '=' : conversion from 'double' to 'int', possible loss of data
     1>c:\users\dell\documents\visual studio 2012\projects\mvc_codec v.1.0\mvc_codec v.1.0\mvc_codec v.1.0.cpp(620): warning C4244: 'argument' : conversion from 'double' to 'size_t', possible loss of data
     1>c:\users\dell\documents\visual studio 2012\projects\mvc_codec v.1.0\mvc_codec v.1.0\mvc_codec v.1.0.cpp(717): warning C4244: '=' : conversion from 'double' to 'int', possible loss of data
       Link:
         G:\Program Files (x86)\Microsoft Visual Studio 11.0\VC\bin\link.exe /ERRORREPORT:PROMPT /OUT:"C:\Users\DELL\documents\visual studio 2012\Projects\MVC_CODEC v.1.0\Debug\MVC_CODEC v.1.0.exe" /INCREMENTAL /NOLOGO kernel32.lib user32.lib gdi32.lib winspool.lib comdlg32.lib advapi32.lib shell32.lib ole32.lib oleaut32.lib uuid.lib odbc32.lib odbccp32.lib /MANIFEST /MANIFESTUAC:"level='asInvoker' uiAccess='false'" /manifest:embed /DEBUG /PDB:"C:\Users\DELL\documents\visual studio 2012\Projects\MVC_CODEC v.1.0\Debug\MVC_CODEC v.1.0.pdb" /SUBSYSTEM:CONSOLE /TLBID:1 /DYNAMICBASE /NXCOMPAT /IMPLIB:"C:\Users\DELL\documents\visual studio 2012\Projects\MVC_CODEC v.1.0\Debug\MVC_CODEC v.1.0.lib" /MACHINE:X86 "Debug\MVC_CODEC v.1.0.obj"
         Debug\stdafx.obj
         MVC_CODEC v.1.0.vcxproj -> C:\Users\DELL\documents\visual studio 2012\Projects\MVC_CODEC v.1.0\Debug\MVC_CODEC v.1.0.exe
     1>Done Building Project "C:\Users\DELL\documents\visual studio 2012\Projects\MVC_CODEC v.1.0\MVC_CODEC v.1.0\MVC_CODEC v.1.0.vcxproj" (Build target(s)).

Build succeeded.

Time Elapsed 00:00:01.45
